\BOOKMARK [1][-]{section.1}{\376\377\000C\000e\000l\000\040\000i\000\040\000z\000a\000k\000r\000e\000s\000\040\000a\000p\000l\000i\000k\000a\000c\000j\000i}{}% 1
\BOOKMARK [1][-]{section.2}{\376\377\000O\000p\000i\000s\000\040\000f\000u\000n\000k\000c\000j\000o\000n\000a\000l\000n\000o\001\133\000c\000i\000\040\000a\000p\000l\000i\000k\000a\000c\000j\000i}{}% 2
\BOOKMARK [2][-]{subsection.2.1}{\376\377\000Z\000a\000r\000z\001\005\000d\000z\000a\000n\000i\000e\000\040\000u\001\174\000y\000t\000k\000o\000w\000n\000i\000k\000a\000m\000i}{section.2}% 3
\BOOKMARK [2][-]{subsection.2.2}{\376\377\000G\000r\000u\000p\000y\000\040\000u\001\174\000y\000t\000k\000o\000w\000n\000i\000k\000\363\000w}{section.2}% 4
\BOOKMARK [2][-]{subsection.2.3}{\376\377\000P\000l\000a\000n\000o\000w\000a\000n\000i\000e\000\040\000p\000o\000s\000i\001\102\000k\000\363\000w}{section.2}% 5
\BOOKMARK [2][-]{subsection.2.4}{\376\377\000L\000i\000s\000t\000a\000\040\000z\000a\000k\000u\000p\000\363\000w}{section.2}% 6
\BOOKMARK [2][-]{subsection.2.5}{\376\377\000P\000r\000z\000e\000p\000i\000s\000y}{section.2}% 7
\BOOKMARK [2][-]{subsection.2.6}{\376\377\000R\000e\000j\000e\000s\000t\000r\000o\000w\000a\000n\000i\000e\000\040\000z\000d\000a\000r\000z\000e\001\104\000\040\000s\000y\000s\000t\000e\000m\000o\000w\000y\000c\000h\000\040\000p\000r\000z\000e\000z\000\040\000S\000p\000r\000i\000n\000g\000\040\000A\000O\000P}{section.2}% 8
\BOOKMARK [1][-]{section.3}{\376\377\000C\000z\001\031\001\133\001\007\000\040\000s\000e\000r\000w\000e\000r\000o\000w\000a}{}% 9
\BOOKMARK [2][-]{subsection.3.1}{\376\377\000S\000p\000r\000i\000n\000g\000\040\000B\000o\000o\000t\000\040\000R\000E\000S\000T\000\040\000A\000P\000I}{section.3}% 10
\BOOKMARK [2][-]{subsection.3.2}{\376\377\000S\000p\000r\000i\000n\000g\000\040\000D\000a\000t\000a\000\040\000J\000P\000A\000\040\000i\000\040\000H\000i\000b\000e\000r\000n\000a\000t\000e}{section.3}% 11
\BOOKMARK [2][-]{subsection.3.3}{\376\377\000P\000o\000s\000t\000g\000r\000e\000S\000Q\000L}{section.3}% 12
\BOOKMARK [2][-]{subsection.3.4}{\376\377\000J\000W\000T\000\040\000i\000\040\000S\000p\000r\000i\000n\000g\000\040\000S\000e\000c\000u\000r\000i\000t\000y}{section.3}% 13
\BOOKMARK [2][-]{subsection.3.5}{\376\377\000S\000p\000r\000i\000n\000g\000\040\000A\000O\000P\000\040\000d\000o\000\040\000l\000o\000g\000o\000w\000a\000n\000i\000a\000\040\000z\000d\000a\000r\000z\000e\001\104}{section.3}% 14
\BOOKMARK [1][-]{section.4}{\376\377\000C\000z\001\031\001\133\001\007\000\040\000k\000l\000i\000e\000n\000c\000k\000a}{}% 15
\BOOKMARK [2][-]{subsection.4.1}{\376\377\000F\000l\000u\000t\000t\000e\000r}{section.4}% 16
\BOOKMARK [2][-]{subsection.4.2}{\376\377\000K\000o\000m\000u\000n\000i\000k\000a\000c\000j\000a\000\040\000z\000\040\000R\000E\000S\000T\000\040\000A\000P\000I}{section.4}% 17
\BOOKMARK [2][-]{subsection.4.3}{\376\377\000L\000o\000g\000o\000w\000a\000n\000i\000e\000\040\000i\000\040\000p\000r\000z\000e\000c\000h\000o\000w\000y\000w\000a\000n\000i\000e\000\040\000t\000o\000k\000e\000n\000a\000\040\000J\000W\000T}{section.4}% 18
\BOOKMARK [2][-]{subsection.4.4}{\376\377\000P\000o\000d\000s\000t\000a\000w\000o\000w\000e\000\040\000e\000k\000r\000a\000n\000y\000\040\000a\000p\000l\000i\000k\000a\000c\000j\000i}{section.4}% 19
\BOOKMARK [1][-]{section.5}{\376\377\000P\000r\000e\000z\000e\000n\000t\000a\000c\000j\000a\000\040\000w\000y\000b\000r\000a\000n\000y\000c\000h\000\040\000t\000e\000s\000t\000\363\000w}{}% 20
\BOOKMARK [2][-]{subsection.5.1}{\376\377\000T\000e\000s\000t\000y\000\040\000b\000a\000c\000k\000e\000n\000d\000u}{section.5}% 21
\BOOKMARK [2][-]{subsection.5.2}{\376\377\000T\000e\000s\000t\000y\000\040\000k\000l\000i\000e\000n\000t\000a}{section.5}% 22
\BOOKMARK [2][-]{subsection.5.3}{\376\377\000P\000r\000z\000y\000k\001\102\000a\000d\000o\000w\000e\000\040\000p\000r\000z\000y\000p\000a\000d\000k\000i\000\040\000t\000e\000s\000t\000o\000w\000e}{section.5}% 23
\BOOKMARK [1][-]{section.6}{\376\377\000I\000n\000f\000o\000r\000m\000a\000c\000j\000a\000\040\000u\000r\000u\000c\000h\000o\000m\000i\000e\000n\000i\000o\000w\000a\000\040\000i\000\040\000w\000d\000r\000o\001\174\000e\000n\000i\000o\000w\000a}{}% 24
\BOOKMARK [2][-]{subsection.6.1}{\376\377\000W\000y\000m\000a\000g\000a\000n\000i\000a}{section.6}% 25
\BOOKMARK [2][-]{subsection.6.2}{\376\377\000U\000r\000u\000c\000h\000o\000m\000i\000e\000n\000i\000e\000\040\000l\000o\000k\000a\000l\000n\000e\000\040\000b\000a\000c\000k\000e\000n\000d\000u}{section.6}% 26
\BOOKMARK [2][-]{subsection.6.3}{\376\377\000U\000r\000u\000c\000h\000o\000m\000i\000e\000n\000i\000e\000\040\000b\000a\000z\000y\000\040\000P\000o\000s\000t\000g\000r\000e\000S\000Q\000L\000\040\000w\000\040\000D\000o\000c\000k\000e\000r\000z\000e}{section.6}% 27
\BOOKMARK [2][-]{subsection.6.4}{\376\377\000U\000r\000u\000c\000h\000o\000m\000i\000e\000n\000i\000e\000\040\000c\000a\001\102\000e\000g\000o\000\040\000b\000a\000c\000k\000e\000n\000d\000u\000\040\000p\000r\000z\000e\000z\000\040\000d\000o\000c\000k\000e\000r\000-\000c\000o\000m\000p\000o\000s\000e}{section.6}% 28
\BOOKMARK [2][-]{subsection.6.5}{\376\377\000U\000r\000u\000c\000h\000o\000m\000i\000e\000n\000i\000e\000\040\000a\000p\000l\000i\000k\000a\000c\000j\000i\000\040\000F\000l\000u\000t\000t\000e\000r}{section.6}% 29
\BOOKMARK [2][-]{subsection.6.6}{\376\377\000W\000d\000r\000o\001\174\000e\000n\000i\000e\000\040\000n\000a\000\040\000m\000a\000s\000z\000y\000n\000i\000e\000\040\000w\000i\000r\000t\000u\000a\000l\000n\000e\000j\000\040\000Z\000T\000I}{section.6}% 30
\BOOKMARK [1][-]{section.7}{\376\377\000P\000o\000d\000s\000t\000a\000w\000o\000w\000y\000\040\000p\000o\000d\000r\001\031\000c\000z\000n\000i\000k\000\040\000u\001\174\000y\000t\000k\000o\000w\000n\000i\000k\000a}{}% 31
\BOOKMARK [2][-]{subsection.7.1}{\376\377\000R\000e\000j\000e\000s\000t\000r\000a\000c\000j\000a\000\040\000k\000o\000n\000t\000a}{section.7}% 32
\BOOKMARK [2][-]{subsection.7.2}{\376\377\000L\000o\000g\000o\000w\000a\000n\000i\000e}{section.7}% 33
\BOOKMARK [2][-]{subsection.7.3}{\376\377\000U\000t\000w\000o\000r\000z\000e\000n\000i\000e\000\040\000g\000r\000u\000p\000y}{section.7}% 34
\BOOKMARK [2][-]{subsection.7.4}{\376\377\000D\000o\001\102\001\005\000c\000z\000e\000n\000i\000e\000\040\000d\000o\000\040\000g\000r\000u\000p\000y\000\040\000k\000o\000d\000e\000m}{section.7}% 35
\BOOKMARK [2][-]{subsection.7.5}{\376\377\000D\000o\000d\000a\000n\000i\000e\000\040\000p\000r\000o\000d\000u\000k\000t\000u\000\040\000d\000o\000\040\000l\000i\000s\000t\000y\000\040\000z\000a\000k\000u\000p\000\363\000w}{section.7}% 36
\BOOKMARK [2][-]{subsection.7.6}{\376\377\000O\000z\000n\000a\000c\000z\000e\000n\000i\000e\000\040\000p\000r\000o\000d\000u\000k\000t\000u\000\040\000j\000a\000k\000o\000\040\000k\000u\000p\000i\000o\000n\000e}{section.7}% 37
\BOOKMARK [2][-]{subsection.7.7}{\376\377\000D\000o\000d\000a\000n\000i\000e\000\040\000p\000o\000s\000i\001\102\000k\000u\000\040\000d\000o\000\040\000p\000l\000a\000n\000u}{section.7}% 38
\BOOKMARK [2][-]{subsection.7.8}{\376\377\000D\000o\000d\000a\000n\000i\000e\000\040\000p\000r\000z\000e\000p\000i\000s\000u}{section.7}% 39
\BOOKMARK [1][-]{section.8}{\376\377\000P\000o\000d\000s\000u\000m\000o\000w\000a\000n\000i\000e}{}% 40
